2024-03-02 18:01:48,862 - ERROR - Threaded polling exception: A request to the Telegram API was unsuccessful. Error code: 400. Description: Bad Request: file must be non-empty
2024-03-02 18:01:48,864 - ERROR - Exception traceback:
Traceback (most recent call last):
  File "C:\Users\Trade Computers\PycharmProjects\pythonProject15\venv\Lib\site-packages\telebot\__init__.py", line 1141, in __threaded_polling
    self.worker_pool.raise_exceptions()
  File "C:\Users\Trade Computers\PycharmProjects\pythonProject15\venv\Lib\site-packages\telebot\util.py", line 149, in raise_exceptions
    raise self.exception_info
  File "C:\Users\Trade Computers\PycharmProjects\pythonProject15\venv\Lib\site-packages\telebot\util.py", line 92, in run
    task(*args, **kwargs)
  File "C:\Users\Trade Computers\PycharmProjects\pythonProject15\venv\Lib\site-packages\telebot\__init__.py", line 7860, in _run_middlewares_and_handler
    result = handler['function'](message)
             ^^^^^^^^^^^^^^^^^^^^^^^^^^^^
  File "C:\Users\Trade Computers\PycharmProjects\pythonProject15\bot.py", line 24, in debug
    bot.send_document(message.chat.id, er)
  File "C:\Users\Trade Computers\PycharmProjects\pythonProject15\venv\Lib\site-packages\telebot\__init__.py", line 2467, in send_document
    apihelper.send_data(
  File "C:\Users\Trade Computers\PycharmProjects\pythonProject15\venv\Lib\site-packages\telebot\apihelper.py", line 923, in send_data
    return _make_request(token, method_url, params=payload, files=files, method='post')
           ^^^^^^^^^^^^^^^^^^^^^^^^^^^^^^^^^^^^^^^^^^^^^^^^^^^^^^^^^^^^^^^^^^^^^^^^^^^^
  File "C:\Users\Trade Computers\PycharmProjects\pythonProject15\venv\Lib\site-packages\telebot\apihelper.py", line 164, in _make_request
    json_result = _check_result(method_name, result)
                  ^^^^^^^^^^^^^^^^^^^^^^^^^^^^^^^^^^
  File "C:\Users\Trade Computers\PycharmProjects\pythonProject15\venv\Lib\site-packages\telebot\apihelper.py", line 191, in _check_result
    raise ApiTelegramException(method_name, result, result_json)
telebot.apihelper.ApiTelegramException: A request to the Telegram API was unsuccessful. Error code: 400. Description: Bad Request: file must be non-empty

2024-03-02 20:06:48,086 - ERROR - house() missing 1 required positional argument: 'message'
2024-03-02 21:21:52,581 - ERROR - no such table: User
2024-03-02 21:22:05,707 - ERROR - no such table: User
2024-03-02 21:22:05,943 - ERROR - no such table: User
2024-03-02 21:22:26,871 - ERROR - no such table: User
2024-03-02 21:22:33,506 - ERROR - no such table: User
2024-03-02 21:22:33,726 - ERROR - no such table: User
